<?xml version="1.0" encoding="UTF-8"?>
<!-- Generated by org.testng.reporters.JUnitXMLReporter -->
<testsuite ignored="0" hostname="DESKTOP-2KLPDBI" failures="1" tests="2" name="Error Validations Test" time="28.967" errors="0" timestamp="2024-08-09T20:01:04 IST">
  <testcase classname="TestCases.tests.ErrorValidationsTest" name="LoginErrorValidation" time="1.117">
    <failure type="java.lang.AssertionError" message="expected [Login Successfully] but found [Incorrect email  password]">
      <![CDATA[java.lang.AssertionError: expected [Login Successfully] but found [Incorrect email  password]
at TestCases.tests.ErrorValidationsTest.LoginErrorValidation(ErrorValidationsTest.java:26)
at java.base/java.util.ArrayList.forEach(ArrayList.java:1596)
at java.base/java.util.concurrent.FutureTask.run(FutureTask.java:317)
at java.base/java.util.concurrent.ThreadPoolExecutor.runWorker(ThreadPoolExecutor.java:1144)
at java.base/java.util.concurrent.ThreadPoolExecutor$Worker.run(ThreadPoolExecutor.java:642)
at java.base/java.lang.Thread.run(Thread.java:1583)
... Removed 21 stack frames]]>
    </failure>
  </testcase> <!-- LoginErrorValidation -->
  <testcase classname="TestCases.tests.ErrorValidationsTest" name="ProductErrorvalidation" time="2.662"/>
</testsuite> <!-- Error Validations Test -->
